VR Setup_02/Temp/gradleOut/launcher/build/intermediates/manifest_merge_blame_file/release/manifest-merger-blame-release-report.txt
1<?xml version="1.0" encoding="utf-8"?>
2<!-- GENERATED BY UNITY. REMOVE THIS COMMENT TO PREVENT OVERWRITING WHEN EXPORTING AGAIN -->
3<manifest xmlns:android="http://schemas.android.com/apk/res/android"
4    package="com.HB.VRSetup_02"
5    android:installLocation="auto"
6    android:versionCode="1"
7    android:versionName="0.1" >
8
9    <uses-sdk
10        android:minSdkVersion="23"
10-->src/main/AndroidManifest.xml
11        android:targetSdkVersion="29" />
11-->src/main/AndroidManifest.xml
12
13    <supports-screens
13-->src/main/AndroidManifest.xml:4:3-163
14        android:anyDensity="true"
14-->src/main/AndroidManifest.xml:4:135-160
15        android:largeScreens="true"
15-->src/main/AndroidManifest.xml:4:78-105
16        android:normalScreens="true"
16-->src/main/AndroidManifest.xml:4:49-77
17        android:smallScreens="true"
17-->src/main/AndroidManifest.xml:4:21-48
18        android:xlargeScreens="true" />
18-->src/main/AndroidManifest.xml:4:106-134
19
20    <uses-feature android:glEsVersion="0x00030000" />
20-->[:unityLibrary] AndroidManifest.xml:14:5-54
20-->[:unityLibrary] AndroidManifest.xml:14:19-51
21
22    <uses-permission android:name="android.permission.INTERNET" />
22-->[:unityLibrary] AndroidManifest.xml:16:5-67
22-->[:unityLibrary] AndroidManifest.xml:16:22-64
23    <uses-permission android:name="android.permission.RECORD_AUDIO" />
23-->[:unityLibrary] AndroidManifest.xml:17:5-71
23-->[:unityLibrary] AndroidManifest.xml:17:22-68
24    <uses-permission android:name="android.permission.MODIFY_AUDIO_SETTINGS" />
24-->[:unityLibrary] AndroidManifest.xml:18:5-80
24-->[:unityLibrary] AndroidManifest.xml:18:22-77
25
26    <uses-feature
26-->[:unityLibrary] AndroidManifest.xml:20:5-22:36
27        android:name="android.hardware.microphone"
27-->[:unityLibrary] AndroidManifest.xml:21:9-51
28        android:required="false" />
28-->[:unityLibrary] AndroidManifest.xml:22:9-33
29    <uses-feature
29-->[:unityLibrary] AndroidManifest.xml:23:5-25:36
30        android:name="android.hardware.touchscreen"
30-->[:unityLibrary] AndroidManifest.xml:24:9-52
31        android:required="false" />
31-->[:unityLibrary] AndroidManifest.xml:25:9-33
32    <uses-feature
32-->[:unityLibrary] AndroidManifest.xml:26:5-28:36
33        android:name="android.hardware.touchscreen.multitouch"
33-->[:unityLibrary] AndroidManifest.xml:27:9-63
34        android:required="false" />
34-->[:unityLibrary] AndroidManifest.xml:28:9-33
35    <uses-feature
35-->[:unityLibrary] AndroidManifest.xml:29:5-31:36
36        android:name="android.hardware.touchscreen.multitouch.distinct"
36-->[:unityLibrary] AndroidManifest.xml:30:9-72
37        android:required="false" />
37-->[:unityLibrary] AndroidManifest.xml:31:9-33
38    <uses-feature
38-->[:unityLibrary] AndroidManifest.xml:32:5-35:31
39        android:name="android.hardware.vr.headtracking"
39-->[:unityLibrary] AndroidManifest.xml:33:9-56
40        android:required="true"
40-->[:unityLibrary] AndroidManifest.xml:34:9-32
41        android:version="1" />
41-->[:unityLibrary] AndroidManifest.xml:35:9-28
42    <uses-feature
42-->[:unityLibrary] AndroidManifest.xml:36:5-38:36
43        android:name="oculus.software.handtracking"
43-->[:unityLibrary] AndroidManifest.xml:37:9-52
44        android:required="false" />
44-->[:unityLibrary] AndroidManifest.xml:38:9-33
45
46    <uses-permission android:name="com.oculus.permission.HAND_TRACKING" />
46-->[:unityLibrary] AndroidManifest.xml:40:5-75
46-->[:unityLibrary] AndroidManifest.xml:40:22-72
47
48    <application
48-->src/main/AndroidManifest.xml:5:3-116
49        android:allowBackup="false"
49-->[:unityLibrary] AndroidManifest.xml:43:9-36
50        android:extractNativeLibs="true"
50-->src/main/AndroidManifest.xml:5:16-48
51        android:icon="@mipmap/app_icon"
51-->src/main/AndroidManifest.xml:5:82-113
52        android:label="@string/app_name"
52-->src/main/AndroidManifest.xml:5:49-81
53        android:networkSecurityConfig="@xml/network_sec_config" >
53-->[:unityLibrary] AndroidManifest.xml:46:9-64
54        <activity
54-->[:unityLibrary] AndroidManifest.xml:47:9-70:20
55            android:name="com.unity3d.player.UnityPlayerActivity"
55-->[:unityLibrary] AndroidManifest.xml:48:13-66
56            android:configChanges="keyboard|keyboardHidden|navigation|orientation|screenLayout|screenSize|uiMode"
56-->[:unityLibrary] AndroidManifest.xml:49:13-114
57            android:hardwareAccelerated="false"
57-->[:unityLibrary] AndroidManifest.xml:50:13-48
58            android:launchMode="singleTask"
58-->[:unityLibrary] AndroidManifest.xml:51:13-44
59            android:screenOrientation="landscape"
59-->[:unityLibrary] AndroidManifest.xml:52:13-50
60            android:theme="@android:style/Theme.Black.NoTitleBar.Fullscreen" >
60-->[:unityLibrary] AndroidManifest.xml:53:13-77
61            <intent-filter>
61-->[:unityLibrary] AndroidManifest.xml:54:13-59:29
62                <action android:name="android.intent.action.MAIN" />
62-->[:unityLibrary] AndroidManifest.xml:55:17-69
62-->[:unityLibrary] AndroidManifest.xml:55:25-66
63
64                <category android:name="android.intent.category.LAUNCHER" />
64-->[:unityLibrary] AndroidManifest.xml:57:17-77
64-->[:unityLibrary] AndroidManifest.xml:57:27-74
65                <category android:name="com.oculus.intent.category.VR" />
65-->[:unityLibrary] AndroidManifest.xml:58:17-74
65-->[:unityLibrary] AndroidManifest.xml:58:27-71
66            </intent-filter>
67
68            <meta-data
68-->[:unityLibrary] AndroidManifest.xml:61:13-63:40
69                android:name="unityplayer.UnityActivity"
69-->[:unityLibrary] AndroidManifest.xml:62:17-57
70                android:value="true" />
70-->[:unityLibrary] AndroidManifest.xml:63:17-37
71            <meta-data
71-->[:unityLibrary] AndroidManifest.xml:64:13-66:40
72                android:name="android.notch_support"
72-->[:unityLibrary] AndroidManifest.xml:65:17-53
73                android:value="true" />
73-->[:unityLibrary] AndroidManifest.xml:66:17-37
74            <meta-data
74-->[:unityLibrary] AndroidManifest.xml:67:13-69:40
75                android:name="com.oculus.vr.focusaware"
75-->[:unityLibrary] AndroidManifest.xml:68:17-56
76                android:value="true" />
76-->[:unityLibrary] AndroidManifest.xml:69:17-37
77        </activity>
78
79        <meta-data
79-->[:unityLibrary] AndroidManifest.xml:72:9-74:33
80            android:name="unity.splash-mode"
80-->[:unityLibrary] AndroidManifest.xml:73:13-45
81            android:value="0" />
81-->[:unityLibrary] AndroidManifest.xml:74:13-30
82        <meta-data
82-->[:unityLibrary] AndroidManifest.xml:75:9-77:36
83            android:name="unity.splash-enable"
83-->[:unityLibrary] AndroidManifest.xml:76:13-47
84            android:value="True" />
84-->[:unityLibrary] AndroidManifest.xml:77:13-33
85        <meta-data
85-->[:unityLibrary] AndroidManifest.xml:78:9-80:50
86            android:name="notch.config"
86-->[:unityLibrary] AndroidManifest.xml:79:13-40
87            android:value="portrait|landscape" />
87-->[:unityLibrary] AndroidManifest.xml:80:13-47
88        <meta-data
88-->[:unityLibrary] AndroidManifest.xml:81:9-83:68
89            android:name="unity.build-id"
89-->[:unityLibrary] AndroidManifest.xml:82:13-42
90            android:value="6c56be1d-8212-4ef9-a95d-93f7e1a43354" />
90-->[:unityLibrary] AndroidManifest.xml:83:13-65
91        <meta-data
91-->[:unityLibrary] AndroidManifest.xml:84:9-86:36
92            android:name="com.oculus.handtracking.frequency"
92-->[:unityLibrary] AndroidManifest.xml:85:13-61
93            android:value="HIGH" />
93-->[:unityLibrary] AndroidManifest.xml:86:13-33
94        <meta-data
94-->[:unityLibrary] AndroidManifest.xml:87:9-89:39
95            android:name="com.samsung.android.vr.application.mode"
95-->[:unityLibrary] AndroidManifest.xml:88:13-67
96            android:value="vr_only" />
96-->[:unityLibrary] AndroidManifest.xml:89:13-36
97        <meta-data
97-->[:unityLibrary] AndroidManifest.xml:90:9-92:37
98            android:name="com.unity.xr.oculus.LowOverheadMode"
98-->[:unityLibrary] AndroidManifest.xml:91:13-63
99            android:value="false" />
99-->[:unityLibrary] AndroidManifest.xml:92:13-34
100        <meta-data
100-->[:unityLibrary] AndroidManifest.xml:93:9-95:44
101            android:name="com.oculus.supportedDevices"
101-->[:unityLibrary] AndroidManifest.xml:94:13-55
102            android:value="quest|quest2" />
102-->[:unityLibrary] AndroidManifest.xml:95:13-41
103    </application>
104
105</manifest>